2026-03-03 16:04:59 INFO  DuplicateRemover - Starting duplicate removal...
2026-03-03 16:04:59 WARN  DuplicateRemover - Duplicate found: rahul|a@mail.com|999
2026-03-03 16:04:59 INFO  DuplicateRemover - Duplicate removal completed. Duplicates found: 1
2026-03-03 16:30:23 INFO  DuplicateRemover - Starting duplicate removal...
2026-03-03 16:30:23 WARN  DuplicateRemover - Duplicate found: rahul|a@mail.com|999
2026-03-03 16:30:23 INFO  DuplicateRemover - Duplicate removal completed. Duplicates found: 1
2026-03-03 17:33:58 INFO  DuplicateRemover - Starting duplicate removal...
2026-03-03 17:33:58 WARN  DuplicateRemover - Duplicate found: rahul|a@mail.com|999
2026-03-03 17:33:58 INFO  DuplicateRemover - Duplicate removal completed. Duplicates found: 1
2026-03-03 22:13:14 INFO  DuplicateRemover - Starting duplicate removal...
2026-03-03 22:13:14 WARN  DuplicateRemover - Duplicate found: rahul|a@mail.com|999
2026-03-03 22:13:14 INFO  DuplicateRemover - Duplicate removal completed. Duplicates found: 1
2026-03-03 22:24:34 INFO  DuplicateRemover - Starting duplicate removal...
2026-03-03 22:24:34 WARN  DuplicateRemover - Duplicate found: rahul|a@mail.com|999
2026-03-03 22:24:34 INFO  DuplicateRemover - Duplicate removal completed. Duplicates found: 1
2026-03-03 22:28:38 INFO  Main - ========== ETL PROCESS STARTED ==========
2026-03-03 22:28:39 INFO  Main - Original Size: 0
2026-03-03 22:28:39 INFO  NameNormalizer - Normalizing names...
2026-03-03 22:28:39 INFO  NameNormalizer - Name normalization completed.
2026-03-03 22:28:39 INFO  NumericFieldCleaner - Cleaning numeric fields...
2026-03-03 22:28:39 INFO  NumericFieldCleaner - Numeric cleaning completed.
2026-03-03 22:28:39 INFO  DateStandardizer - Standardizing date formats...
2026-03-03 22:28:39 INFO  DateStandardizer - Date standardization completed.
2026-03-03 22:28:39 INFO  CodeMapper - Mapping short codes...
2026-03-03 22:28:39 INFO  CodeMapper - Code mapping completed.
2026-03-03 22:28:39 INFO  StatusValidator - Validating and normalizing status fields...
2026-03-03 22:28:39 INFO  StatusValidator - Status validation completed.
2026-03-03 22:28:39 INFO  DuplicateRemover - Starting duplicate removal...
2026-03-03 22:28:39 INFO  DuplicateRemover - Duplicate removal completed. Duplicates found: 0
2026-03-03 22:28:39 INFO  InvalidRecordFlagger - Filtering invalid records...
2026-03-03 22:28:39 INFO  InvalidRecordFlagger - Invalid filtering completed. Valid size: 0
2026-03-03 22:28:39 INFO  DerivedFieldCalculator - Calculating derived fields...
2026-03-03 22:28:39 INFO  DerivedFieldCalculator - Derived field calculation completed.
2026-03-03 22:28:39 INFO  Main - After Cleaning Size: 0
2026-03-03 22:28:39 INFO  Main - ========== ETL PROCESS COMPLETED ==========
